
<!DOCTYPE html>
<html>


<head>
	<meta charset='UTF-8' /> 
	<meta name='description' content='' />
	<meta name='robots' content='noodp, noydir' />
	<meta name='viewport' content='width=device-width, initial-scale=1' />
	<meta id="timeStampFormat" name="timeStampFormat" content='MMM d, yyyy hh:mm:ss a'/>
	
	<link href='https://fonts.googleapis.com/css?family=Source+Sans+Pro:400,600' rel='stylesheet' type='text/css'>
	<link href="https://fonts.googleapis.com/icon?family=Material+Icons" rel="stylesheet">

		<link href='https://cdn.rawgit.com/anshooarora/extentreports-java/b4a58fcfd1e137bd9287244035a7c80d3d73b3af/dist/css/extent.css' type='text/css' rel='stylesheet' />
	
	<title>Automation - Cucumber Framework</title>

	<style type='text/css'>
			
            

      
        
	</style>
</head>

	<body class='extent standard default hide-overflow bdd-report'>
		<div id='theme-selector' alt='Click to toggle theme. To enable by default, use theme configuration.' title='Click to toggle theme. To enable by default, use theme configuration.'>
			<span><i class='material-icons'>desktop_windows</i></span>
		</div>

<nav>
	<div class="nav-wrapper">
		<a href="#!" class="brand-logo blue darken-3">Extent</a>

		<!-- slideout menu -->
		<ul id='slide-out' class='side-nav fixed hide-on-med-and-down'>
			<li class='waves-effect active'><a href='#!' view='test-view' onclick="configureView(0);chartsView('test');"><i class='material-icons'>dashboard</i></a></li>
						<li class='waves-effect'><a href='#!' view='category-view' onclick="configureView(1)"><i class='material-icons'>label_outline</i></a></li>
			<li class='waves-effect'><a href='#!' view='exception-view' onclick="configureView(2)"><i class='material-icons'>bug_report</i></a></li>
			<li class='waves-effect'><a href='#!' onclick="configureView(-1);chartsView('dashboard');" view='dashboard-view'><i class='material-icons'>track_changes</i></i></a></li>
		</ul>

		<!-- report name -->
		<span class='report-name'>Cucumber Report</span>
		
		<!-- report headline -->
		<span class='report-headline'></span>

		<!-- nav-right -->
		<ul id='nav-mobile' class='right hide-on-med-and-down nav-right'>
			<li>
                <a href='#!'>
                    <span class='label suite-start-time blue darken-3'>May 16, 2022 04:47:18 PM</span>
				</a>
			</li>
			<li>
                <a href='#!'>
                    <span class='label blue darken-3'>3.1.2</span>
				</a>
			</li>
		</ul>
	</div>
</nav>

		<!-- container -->
		<div class='container'>

<div id='test-view' class='view'>
				
	<section id='controls'>
		<div class='controls grey lighten-4'>
			<!-- test toggle -->
			<div class='chip transparent'>
				<a class='dropdown-button tests-toggle' data-activates='tests-toggle' data-constrainwidth='true' data-beloworigin='true' data-hover='true' href='#'>
					<i class='material-icons'>warning</i> Status
				</a>
				<ul id='tests-toggle' class='dropdown-content'>
											<li status='pass'><a href='#!'>Pass <i class='material-icons green-text'>check_circle</i></a></li>
						<li status='fail'><a href='#!'>Fail <i class='material-icons red-text'>cancel</i></a></li>
						<li status='skip'><a href='#!'>Skip <i class='material-icons cyan-text'>redo</i></a></li>
					<li class='divider'></li>
					<li status='clear' clear='true'><a href='#!'>Clear Filters <i class='material-icons'>clear</i></a></li>
				</ul>
			</div>
			<!-- test toggle -->

			<!-- category toggle -->
			<div class='chip transparent'>
				<a class='dropdown-button category-toggle' data-activates='category-toggle' data-constrainwidth='false' data-beloworigin='true' data-hover='true' href='#'>
					<i class='material-icons'>local_offer</i> Category
				</a>
				<ul id='category-toggle' class='dropdown-content'>
					<li><a href='#'>@smoke</a></li>
					<li><a href='#'>@regression</a></li>
					<li><a href='#'>@sanity</a></li>
					<li class='divider'></li>
					<li class='clear'><a href='#!' clear='true'>Clear Filters</a></li>
				</ul>
			</div>
			<!-- category toggle -->

			<!-- clear filters -->
			<div class='chip transparent hide'>
				<a class='' id='clear-filters' alt='Clear Filters' title='Clear Filters'>
					<i class='material-icons'>close</i> Clear
				</a>
			</div>
			<!-- clear filters -->

			<!-- enable dashboard -->
			<div id='toggle-test-view-charts' class='chip transparent'>
				<a class='pink-text' id='enable-dashboard' alt='Enable Dashboard' title='Enable Dashboard'>
					<i class='material-icons'>track_changes</i> Dashboard
				</a>
			</div>
			<!-- enable dashboard -->

			<!-- search -->
			<div class='chip transparent' alt='Search Tests' title='Search Tests'>
				<a href="#" class='search-div'>
					<i class='material-icons'>search</i> Search
				</a>

				<div class='input-field left hide'>
					<input id='search-tests' type='text' class='validate browser-default' placeholder='Search Tests...'>
				</div>
				
			</div>
			<!-- search -->
		</div>
	</section>


<div id='test-view-charts' class='subview-full'>
	<div id='charts-row' class='row nm-v nm-h'>
		<div class='col s12 m4 l4 np-h'>
			<div class='card-panel nm-v'>
				<div class='left panel-name'>Features</div>
				<div class='chart-box'>
					<canvas id='parent-analysis' width='100' height='80'></canvas>
				</div>
				<div class='block text-small'>
					<span class='tooltipped' data-position='top' data-tooltip='33.333%'><span class='strong'>1</span> feature(s) passed</span>
				</div>
				<div class='block text-small'>
					<span class='strong tooltipped' data-position='top' data-tooltip='66.667%'>2</span> feature(s) failed, <span class='strong tooltipped' data-position='top' data-tooltip='0%'>0</span> others
				</div>
			</div>
		</div>
		
		<div class='col s12 m4 l4 np-h'>
			<div class='card-panel nm-v'>
				<div class='left panel-name'>Scenarios</div>
				<div class='chart-box'>
					<canvas id='child-analysis' width='100' height='80'></canvas>
				</div>
				<div class='block text-small'>
					<span class='tooltipped' data-position='top' data-tooltip='76.923%'><span class='strong'>10</span> scenario(s) passed</span>
				</div>
				<div class='block text-small'>
					<span class='strong tooltipped' data-position='top' data-tooltip='23.077%'>3</span> scenario(s) failed, <span class='strong tooltipped' data-position='top' data-tooltip='0%'>0</span> others
				</div>
			</div>
		</div>
		
		<div class='col s12 m4 l4 np-h'>
			<div class='card-panel nm-v'>
				<div class='left panel-name'>Steps</div>
				<div class='chart-box'>
					<canvas id='grandchild-analysis' width='100' height='80'></canvas>
				</div>
				<div class='block text-small'>
					<span class='tooltipped' data-position='top' data-tooltip='90.909%'><span class='strong'>90</span> step(s) passed</span>
				</div>
				<div class='block text-small'>
					<span class='strong tooltipped' data-position='top' data-tooltip='3.03%'>3</span> step(s) failed, <span class='strong tooltipped' data-position='top' data-tooltip='6.061%'>6</span> others
				</div>
			</div>
		</div>
	</div>
</div>

	<div class='subview-left left'>
		
		<div class='view-summary'>
			<h5>Features</h5>
			<ul id='test-collection' class='test-collection'>
				
				
				<li class='test displayed active has-leaf fail' status='fail' bdd='true' test-id='1'>
					<div class='test-heading'>
						<span class='test-name'>Create Account Test</span>
						<span class='test-time'>May 16, 2022 04:47:18 PM</span>
						<span class='test-status right fail'>fail</span>
					</div>
					<div class='test-content hide'>
<div class='scenario node' test-id='2' status='fail'>
	<div class='category-list'>
		<span class='category label white-text'>@smoke</span>
		<span class='category label white-text'>@regression</span>
	</div>
	<span class='duration right label'>0h 0m 40s+798ms</span>
	<div class='desc'>
		<b>Scenario</b>
		<span class="desc-text">User can create account successfully.</span>
	</div>
	<ul class='steps'>
		<li test-id='3' class='node given pass' status='pass'>
			
			<b>Given</b>
			
			<span class="bdd-step-name">Given I am on homepage</span>
				<div class='pre'>passed</div>
			
		</li>
		<li test-id='4' class='node and pass' status='pass'>
			
			<b>And</b>
			
			<span class="bdd-step-name">And I click on sign in link</span>
				<div class='pre'>passed</div>
			
		</li>
		<li test-id='5' class='node and pass' status='pass'>
			
			<b>And</b>
			
			<span class="bdd-step-name">And I enter email to create account email field "abc0010101@yahoo.com"</span>
				<div class='pre'>passed</div>
			
		</li>
		<li test-id='6' class='node and pass' status='pass'>
			
			<b>And</b>
			
			<span class="bdd-step-name">And I click on create an account button</span>
				<div class='pre'>passed</div>
			
		</li>
		<li test-id='7' class='node and pass' status='pass'>
			
			<b>And</b>
			
			<span class="bdd-step-name">And I click on male radio button</span>
				<div class='pre'>passed</div>
			
		</li>
		<li test-id='8' class='node and pass' status='pass'>
			
			<b>And</b>
			
			<span class="bdd-step-name">And I enter first name "Mahendra"</span>
				<div class='pre'>passed</div>
			
		</li>
		<li test-id='9' class='node and pass' status='pass'>
			
			<b>And</b>
			
			<span class="bdd-step-name">And I enter last name "Dhoni"</span>
				<div class='pre'>passed</div>
			
		</li>
		<li test-id='10' class='node and pass' status='pass'>
			
			<b>And</b>
			
			<span class="bdd-step-name">And I enter password name "password"</span>
				<div class='pre'>passed</div>
			
		</li>
		<li test-id='11' class='node and pass' status='pass'>
			
			<b>And</b>
			
			<span class="bdd-step-name">And I select day for date of birth "1"</span>
				<div class='pre'>passed</div>
			
		</li>
		<li test-id='12' class='node and pass' status='pass'>
			
			<b>And</b>
			
			<span class="bdd-step-name">And I select month for date of birth "3"</span>
				<div class='pre'>passed</div>
			
		</li>
		<li test-id='13' class='node and pass' status='pass'>
			
			<b>And</b>
			
			<span class="bdd-step-name">And I select year for date of birth "2000"</span>
				<div class='pre'>passed</div>
			
		</li>
		<li test-id='14' class='node and pass' status='pass'>
			
			<b>And</b>
			
			<span class="bdd-step-name">And I click on news letter checkbox</span>
				<div class='pre'>passed</div>
			
		</li>
		<li test-id='15' class='node and pass' status='pass'>
			
			<b>And</b>
			
			<span class="bdd-step-name">And I click on special offer checkbox</span>
				<div class='pre'>passed</div>
			
		</li>
		<li test-id='16' class='node and pass' status='pass'>
			
			<b>And</b>
			
			<span class="bdd-step-name">And I enter address "India"</span>
				<div class='pre'>passed</div>
			
		</li>
		<li test-id='17' class='node and pass' status='pass'>
			
			<b>And</b>
			
			<span class="bdd-step-name">And I enter city "New York"</span>
				<div class='pre'>passed</div>
			
		</li>
		<li test-id='18' class='node and pass' status='pass'>
			
			<b>And</b>
			
			<span class="bdd-step-name">And I select state "32"</span>
				<div class='pre'>passed</div>
			
		</li>
		<li test-id='19' class='node and pass' status='pass'>
			
			<b>And</b>
			
			<span class="bdd-step-name">And I enter zip code "00000"</span>
				<div class='pre'>passed</div>
			
		</li>
		<li test-id='20' class='node and pass' status='pass'>
			
			<b>And</b>
			
			<span class="bdd-step-name">And I enter mobile number "000000000"</span>
				<div class='pre'>passed</div>
			
		</li>
		<li test-id='21' class='node and pass' status='pass'>
			
			<b>And</b>
			
			<span class="bdd-step-name">And I click on register button</span>
				<div class='pre'>passed</div>
			
		</li>
		<li test-id='22' class='node then fail' status='fail'>
			
			<b>Then</b>
			
			<span class="bdd-step-name">Then I see My account text</span>
			<ul class='screenshots right'>
				<li><a data-featherlight="image" href="C:\Users\iamcp\IdeaProjects\automation-practice-cucumber/src/main/java/com/automation/screenshots/User_can_create_account_successfully.20220516044759.png"><i class='material-icons'>panorama</i></a></li>
			</ul>
				<div class='pre'><textarea>org.junit.ComparisonFailure: error expected:<M[y account]> but was:<M[Y ACCOUNT]>
	at org.junit.Assert.assertEquals(Assert.java:115)
	at com.automation.steps.CreateAccountTest.iSeeMyAccountText(CreateAccountTest.java:98)
	at ✽.Then I see My account text(createaccount.feature:25)
</textarea></div>
			
		</li>
	</ul>
</div>
					</div>
				</li>
				
				
				<li class='test displayed active has-leaf pass' status='pass' bdd='true' test-id='23'>
					<div class='test-heading'>
						<span class='test-name'>Log In Test</span>
						<span class='test-time'>May 16, 2022 04:48:00 PM</span>
						<span class='test-status right pass'>pass</span>
					</div>
					<div class='test-content hide'>
<div class='scenario node' test-id='24' status='pass'>
	<div class='category-list'>
		<span class='category label white-text'>@smoke</span>
		<span class='category label white-text'>@regression</span>
	</div>
	<span class='duration right label'>0h 0m 8s+668ms</span>
	<div class='desc'>
		<b>Scenario</b>
		<span class="desc-text">User should navigate to sign in page successfully</span>
	</div>
	<ul class='steps'>
		<li test-id='25' class='node given pass' status='pass'>
			
			<b>Given</b>
			
			<span class="bdd-step-name">Given I am on homepage</span>
				<div class='pre'>passed</div>
			
		</li>
		<li test-id='26' class='node and pass' status='pass'>
			
			<b>And</b>
			
			<span class="bdd-step-name">And I click on sign in link</span>
				<div class='pre'>passed</div>
			
		</li>
		<li test-id='27' class='node then pass' status='pass'>
			
			<b>Then</b>
			
			<span class="bdd-step-name">Then I see authentication text</span>
				<div class='pre'>passed</div>
			
		</li>
	</ul>
</div>
<div class='scenariooutline node' test-id='28' status='pass'>
	<span class='duration right label'>0h 0m 53s+374ms</span>
	<div class='desc'>
		<b>ScenarioOutline</b>
		<span class="desc-text">Verify error messages with invalid credentials</span>
	</div>
	<ul class='steps'>
		<li test-id='29' class='node scenario pass' status='pass'>
			<div class='category-list'>
				<span class='category label white-text'>@regression</span>
				<span class='category label white-text'>@sanity</span>
			</div>
			
			<b>Scenario</b>
			
			<span class="bdd-step-name">Verify error messages with invalid credentials</span>
			
				<ul class='steps'>
					<li test-id='30' class='node given pass' status='pass'><b>Given</b>
						<span class="bdd-step-name">Given I am on homepage</span>
							<div class='pre'>passed</div>
					</li>
					<li test-id='31' class='node and pass' status='pass'><b>And</b>
						<span class="bdd-step-name">And I click on sign in link</span>
							<div class='pre'>passed</div>
					</li>
					<li test-id='32' class='node and pass' status='pass'><b>And</b>
						<span class="bdd-step-name">And I enter username ""</span>
							<div class='pre'>passed</div>
					</li>
					<li test-id='33' class='node and pass' status='pass'><b>And</b>
						<span class="bdd-step-name">And I enter password "123456"</span>
							<div class='pre'>passed</div>
					</li>
					<li test-id='34' class='node and pass' status='pass'><b>And</b>
						<span class="bdd-step-name">And I click on sign in button</span>
							<div class='pre'>passed</div>
					</li>
					<li test-id='35' class='node then pass' status='pass'><b>Then</b>
						<span class="bdd-step-name">Then I should see error message "An email address required."</span>
							<div class='pre'>passed</div>
					</li>
				</ul>
		</li>
		<li test-id='36' class='node scenario pass' status='pass'>
			<div class='category-list'>
				<span class='category label white-text'>@regression</span>
				<span class='category label white-text'>@sanity</span>
			</div>
			
			<b>Scenario</b>
			
			<span class="bdd-step-name">Verify error messages with invalid credentials</span>
			
				<ul class='steps'>
					<li test-id='37' class='node given pass' status='pass'><b>Given</b>
						<span class="bdd-step-name">Given I am on homepage</span>
							<div class='pre'>passed</div>
					</li>
					<li test-id='38' class='node and pass' status='pass'><b>And</b>
						<span class="bdd-step-name">And I click on sign in link</span>
							<div class='pre'>passed</div>
					</li>
					<li test-id='39' class='node and pass' status='pass'><b>And</b>
						<span class="bdd-step-name">And I enter username "abcd@gmail.com"</span>
							<div class='pre'>passed</div>
					</li>
					<li test-id='40' class='node and pass' status='pass'><b>And</b>
						<span class="bdd-step-name">And I enter password ""</span>
							<div class='pre'>passed</div>
					</li>
					<li test-id='41' class='node and pass' status='pass'><b>And</b>
						<span class="bdd-step-name">And I click on sign in button</span>
							<div class='pre'>passed</div>
					</li>
					<li test-id='42' class='node then pass' status='pass'><b>Then</b>
						<span class="bdd-step-name">Then I should see error message "Password is required."</span>
							<div class='pre'>passed</div>
					</li>
				</ul>
		</li>
		<li test-id='43' class='node scenario pass' status='pass'>
			<div class='category-list'>
				<span class='category label white-text'>@regression</span>
				<span class='category label white-text'>@sanity</span>
			</div>
			
			<b>Scenario</b>
			
			<span class="bdd-step-name">Verify error messages with invalid credentials</span>
			
				<ul class='steps'>
					<li test-id='44' class='node given pass' status='pass'><b>Given</b>
						<span class="bdd-step-name">Given I am on homepage</span>
							<div class='pre'>passed</div>
					</li>
					<li test-id='45' class='node and pass' status='pass'><b>And</b>
						<span class="bdd-step-name">And I click on sign in link</span>
							<div class='pre'>passed</div>
					</li>
					<li test-id='46' class='node and pass' status='pass'><b>And</b>
						<span class="bdd-step-name">And I enter username "adfdfgfg"</span>
							<div class='pre'>passed</div>
					</li>
					<li test-id='47' class='node and pass' status='pass'><b>And</b>
						<span class="bdd-step-name">And I enter password "123456"</span>
							<div class='pre'>passed</div>
					</li>
					<li test-id='48' class='node and pass' status='pass'><b>And</b>
						<span class="bdd-step-name">And I click on sign in button</span>
							<div class='pre'>passed</div>
					</li>
					<li test-id='49' class='node then pass' status='pass'><b>Then</b>
						<span class="bdd-step-name">Then I should see error message "Invalid email address."</span>
							<div class='pre'>passed</div>
					</li>
				</ul>
		</li>
		<li test-id='50' class='node scenario pass' status='pass'>
			<div class='category-list'>
				<span class='category label white-text'>@regression</span>
				<span class='category label white-text'>@sanity</span>
			</div>
			
			<b>Scenario</b>
			
			<span class="bdd-step-name">Verify error messages with invalid credentials</span>
			
				<ul class='steps'>
					<li test-id='51' class='node given pass' status='pass'><b>Given</b>
						<span class="bdd-step-name">Given I am on homepage</span>
							<div class='pre'>passed</div>
					</li>
					<li test-id='52' class='node and pass' status='pass'><b>And</b>
						<span class="bdd-step-name">And I click on sign in link</span>
							<div class='pre'>passed</div>
					</li>
					<li test-id='53' class='node and pass' status='pass'><b>And</b>
						<span class="bdd-step-name">And I enter username "abcd@gmail.com"</span>
							<div class='pre'>passed</div>
					</li>
					<li test-id='54' class='node and pass' status='pass'><b>And</b>
						<span class="bdd-step-name">And I enter password "123456"</span>
							<div class='pre'>passed</div>
					</li>
					<li test-id='55' class='node and pass' status='pass'><b>And</b>
						<span class="bdd-step-name">And I click on sign in button</span>
							<div class='pre'>passed</div>
					</li>
					<li test-id='56' class='node then pass' status='pass'><b>Then</b>
						<span class="bdd-step-name">Then I should see error message "Authentication failed."</span>
							<div class='pre'>passed</div>
					</li>
				</ul>
		</li>
	</ul>
</div>
<div class='scenariooutline node' test-id='57' status='pass'>
	<span class='duration right label'>0h 0m 11s+831ms</span>
	<div class='desc'>
		<b>ScenarioOutline</b>
		<span class="desc-text">User should log in successfully with valid credentials</span>
	</div>
	<ul class='steps'>
		<li test-id='58' class='node scenario pass' status='pass'>
			<div class='category-list'>
				<span class='category label white-text'>@regression</span>
			</div>
			
			<b>Scenario</b>
			
			<span class="bdd-step-name">User should log in successfully with valid credentials</span>
			
				<ul class='steps'>
					<li test-id='59' class='node given pass' status='pass'><b>Given</b>
						<span class="bdd-step-name">Given I am on homepage</span>
							<div class='pre'>passed</div>
					</li>
					<li test-id='60' class='node and pass' status='pass'><b>And</b>
						<span class="bdd-step-name">And I click on sign in link</span>
							<div class='pre'>passed</div>
					</li>
					<li test-id='61' class='node and pass' status='pass'><b>And</b>
						<span class="bdd-step-name">And I enter username "abcxyz01@yahoo.com"</span>
							<div class='pre'>passed</div>
					</li>
					<li test-id='62' class='node and pass' status='pass'><b>And</b>
						<span class="bdd-step-name">And I enter password "primetest"</span>
							<div class='pre'>passed</div>
					</li>
					<li test-id='63' class='node and pass' status='pass'><b>And</b>
						<span class="bdd-step-name">And I click on sign in button</span>
							<div class='pre'>passed</div>
					</li>
					<li test-id='64' class='node then pass' status='pass'><b>Then</b>
						<span class="bdd-step-name">Then I should see sign out link is displayed</span>
							<div class='pre'>passed</div>
					</li>
				</ul>
		</li>
	</ul>
</div>
<div class='scenario node' test-id='65' status='pass'>
	<div class='category-list'>
		<span class='category label white-text'>@regression</span>
	</div>
	<span class='duration right label'>0h 0m 13s+615ms</span>
	<div class='desc'>
		<b>Scenario</b>
		<span class="desc-text">User should log out successfully</span>
	</div>
	<ul class='steps'>
		<li test-id='66' class='node given pass' status='pass'>
			
			<b>Given</b>
			
			<span class="bdd-step-name">Given I am on homepage</span>
				<div class='pre'>passed</div>
			
		</li>
		<li test-id='67' class='node and pass' status='pass'>
			
			<b>And</b>
			
			<span class="bdd-step-name">And I click on sign in link</span>
				<div class='pre'>passed</div>
			
		</li>
		<li test-id='68' class='node and pass' status='pass'>
			
			<b>And</b>
			
			<span class="bdd-step-name">And I enter username "abc0010@yahoo.com"</span>
				<div class='pre'>passed</div>
			
		</li>
		<li test-id='69' class='node and pass' status='pass'>
			
			<b>And</b>
			
			<span class="bdd-step-name">And I enter password "password"</span>
				<div class='pre'>passed</div>
			
		</li>
		<li test-id='70' class='node and pass' status='pass'>
			
			<b>And</b>
			
			<span class="bdd-step-name">And I click on sign in button</span>
				<div class='pre'>passed</div>
			
		</li>
		<li test-id='71' class='node and pass' status='pass'>
			
			<b>And</b>
			
			<span class="bdd-step-name">And I click on sign out link</span>
				<div class='pre'>passed</div>
			
		</li>
		<li test-id='72' class='node then pass' status='pass'>
			
			<b>Then</b>
			
			<span class="bdd-step-name">Then I should see sign in link is displayed</span>
				<div class='pre'>passed</div>
			
		</li>
	</ul>
</div>
					</div>
				</li>
				
				
				<li class='test displayed active has-leaf fail' status='fail' bdd='true' test-id='73'>
					<div class='test-heading'>
						<span class='test-name'>Women Category Page Test</span>
						<span class='test-time'>May 16, 2022 04:49:31 PM</span>
						<span class='test-status right fail'>fail</span>
					</div>
					<div class='test-content hide'>
<div class='scenario node' test-id='74' status='pass'>
	<div class='category-list'>
		<span class='category label white-text'>@smoke</span>
		<span class='category label white-text'>@regression</span>
	</div>
	<span class='duration right label'>0h 0m 7s+466ms</span>
	<div class='desc'>
		<b>Scenario</b>
		<span class="desc-text">User should navigate to women category successfully.</span>
	</div>
	<ul class='steps'>
		<li test-id='75' class='node given pass' status='pass'>
			
			<b>Given</b>
			
			<span class="bdd-step-name">Given I am on homepage</span>
				<div class='pre'>passed</div>
			
		</li>
		<li test-id='76' class='node and pass' status='pass'>
			
			<b>And</b>
			
			<span class="bdd-step-name">And I click on women tab link</span>
				<div class='pre'>passed</div>
			
		</li>
		<li test-id='77' class='node then pass' status='pass'>
			
			<b>Then</b>
			
			<span class="bdd-step-name">Then I see women text</span>
				<div class='pre'>passed</div>
			
		</li>
	</ul>
</div>
<div class='scenariooutline node' test-id='78' status='fail'>
	<span class='duration right label'>0h 1m 47s+70ms</span>
	<div class='desc'>
		<b>ScenarioOutline</b>
		<span class="desc-text">User should able to add product to cart successfully.</span>
	</div>
	<ul class='steps'>
		<li test-id='79' class='node scenario pass' status='pass'>
			<div class='category-list'>
				<span class='category label white-text'>@regression</span>
				<span class='category label white-text'>@sanity</span>
			</div>
			
			<b>Scenario</b>
			
			<span class="bdd-step-name">User should able to add product to cart successfully.</span>
			
				<ul class='steps'>
					<li test-id='80' class='node given pass' status='pass'><b>Given</b>
						<span class="bdd-step-name">Given I am on homepage</span>
							<div class='pre'>passed</div>
					</li>
					<li test-id='81' class='node and pass' status='pass'><b>And</b>
						<span class="bdd-step-name">And I click on women tab link</span>
							<div class='pre'>passed</div>
					</li>
					<li test-id='82' class='node and pass' status='pass'><b>And</b>
						<span class="bdd-step-name">And I click on product "Blouse"</span>
							<div class='pre'>passed</div>
					</li>
					<li test-id='83' class='node and pass' status='pass'><b>And</b>
						<span class="bdd-step-name">And I change quantity "2"</span>
							<div class='pre'>passed</div>
					</li>
					<li test-id='84' class='node and pass' status='pass'><b>And</b>
						<span class="bdd-step-name">And I select size "M"</span>
							<div class='pre'>passed</div>
					</li>
					<li test-id='85' class='node and pass' status='pass'><b>And</b>
						<span class="bdd-step-name">And I select colour "White"</span>
							<div class='pre'>passed</div>
					</li>
					<li test-id='86' class='node and pass' status='pass'><b>And</b>
						<span class="bdd-step-name">And I click on add to cart Button</span>
							<div class='pre'>passed</div>
					</li>
					<li test-id='87' class='node and pass' status='pass'><b>And</b>
						<span class="bdd-step-name">And I see the message Product successfully added to your shopping cart</span>
							<div class='pre'>passed</div>
					</li>
					<li test-id='88' class='node then pass' status='pass'><b>Then</b>
						<span class="bdd-step-name">Then I click on X button and close the popup</span>
							<div class='pre'>passed</div>
					</li>
				</ul>
		</li>
		<li test-id='89' class='node scenario pass' status='pass'>
			<div class='category-list'>
				<span class='category label white-text'>@regression</span>
				<span class='category label white-text'>@sanity</span>
			</div>
			
			<b>Scenario</b>
			
			<span class="bdd-step-name">User should able to add product to cart successfully.</span>
			
				<ul class='steps'>
					<li test-id='90' class='node given pass' status='pass'><b>Given</b>
						<span class="bdd-step-name">Given I am on homepage</span>
							<div class='pre'>passed</div>
					</li>
					<li test-id='91' class='node and pass' status='pass'><b>And</b>
						<span class="bdd-step-name">And I click on women tab link</span>
							<div class='pre'>passed</div>
					</li>
					<li test-id='92' class='node and pass' status='pass'><b>And</b>
						<span class="bdd-step-name">And I click on product "Printed Dress"</span>
							<div class='pre'>passed</div>
					</li>
					<li test-id='93' class='node and pass' status='pass'><b>And</b>
						<span class="bdd-step-name">And I change quantity "3"</span>
							<div class='pre'>passed</div>
					</li>
					<li test-id='94' class='node and pass' status='pass'><b>And</b>
						<span class="bdd-step-name">And I select size "L"</span>
							<div class='pre'>passed</div>
					</li>
					<li test-id='95' class='node and pass' status='pass'><b>And</b>
						<span class="bdd-step-name">And I select colour "Orange"</span>
							<div class='pre'>passed</div>
					</li>
					<li test-id='96' class='node and pass' status='pass'><b>And</b>
						<span class="bdd-step-name">And I click on add to cart Button</span>
							<div class='pre'>passed</div>
					</li>
					<li test-id='97' class='node and pass' status='pass'><b>And</b>
						<span class="bdd-step-name">And I see the message Product successfully added to your shopping cart</span>
							<div class='pre'>passed</div>
					</li>
					<li test-id='98' class='node then pass' status='pass'><b>Then</b>
						<span class="bdd-step-name">Then I click on X button and close the popup</span>
							<div class='pre'>passed</div>
					</li>
				</ul>
		</li>
		<li test-id='99' class='node scenario fail' status='fail'>
			<div class='category-list'>
				<span class='category label white-text'>@regression</span>
				<span class='category label white-text'>@sanity</span>
			</div>
			
			<b>Scenario</b>
			
			<span class="bdd-step-name">User should able to add product to cart successfully.</span>
			
				<ul class='steps'>
					<li test-id='100' class='node given pass' status='pass'><b>Given</b>
						<span class="bdd-step-name">Given I am on homepage</span>
							<div class='pre'>passed</div>
					</li>
					<li test-id='101' class='node and pass' status='pass'><b>And</b>
						<span class="bdd-step-name">And I click on women tab link</span>
							<div class='pre'>passed</div>
					</li>
					<li test-id='102' class='node and pass' status='pass'><b>And</b>
						<span class="bdd-step-name">And I click on product "Printed Chiffon Dress"</span>
							<div class='pre'>passed</div>
					</li>
					<li test-id='103' class='node and pass' status='pass'><b>And</b>
						<span class="bdd-step-name">And I change quantity "4"</span>
							<div class='pre'>passed</div>
					</li>
					<li test-id='104' class='node and pass' status='pass'><b>And</b>
						<span class="bdd-step-name">And I select size "S"</span>
							<div class='pre'>passed</div>
					</li>
					<li test-id='105' class='node and pass' status='pass'><b>And</b>
						<span class="bdd-step-name">And I select colour "Green"</span>
							<div class='pre'>passed</div>
					</li>
					<li test-id='106' class='node and pass' status='pass'><b>And</b>
						<span class="bdd-step-name">And I click on add to cart Button</span>
							<div class='pre'>passed</div>
					</li>
					<li test-id='107' class='node and fail' status='fail'><b>And</b>
						<span class="bdd-step-name">And I see the message Product successfully added to your shopping cart</span>
							<div class='pre'><textarea>org.junit.ComparisonFailure: error expected:<[Product successfully added to your shopping cart]> but was:<[]>
	at org.junit.Assert.assertEquals(Assert.java:115)
	at com.automation.steps.WomenCategoryPageTest.iSeeTheMessageProductSuccessfullyAddedToYourShoppingCart(WomenCategoryPageTest.java:53)
	at ✽.And I see the message Product successfully added to your shopping cart(womencategory.feature:19)
</textarea></div>
					</li>
					<li test-id='108' class='node then skip' status='skip'><b>Then</b>
						<span class="bdd-step-name">Then I click on X button and close the popup</span>
						<ul class='screenshots right'>
							<li><a data-featherlight="image" href="C:\Users\iamcp\IdeaProjects\automation-practice-cucumber/src/main/java/com/automation/screenshots/User_should_able_to_add_product_to_cart_successfully.20220516045046.png"><i class='material-icons'>panorama</i></a></li>
						</ul>
							<div class='pre'>skipped</div>
					</li>
				</ul>
		</li>
		<li test-id='109' class='node scenario fail' status='fail'>
			<div class='category-list'>
				<span class='category label white-text'>@regression</span>
				<span class='category label white-text'>@sanity</span>
			</div>
			
			<b>Scenario</b>
			
			<span class="bdd-step-name">User should able to add product to cart successfully.</span>
			
				<ul class='steps'>
					<li test-id='110' class='node given pass' status='pass'><b>Given</b>
						<span class="bdd-step-name">Given I am on homepage</span>
							<div class='pre'>passed</div>
					</li>
					<li test-id='111' class='node and pass' status='pass'><b>And</b>
						<span class="bdd-step-name">And I click on women tab link</span>
							<div class='pre'>passed</div>
					</li>
					<li test-id='112' class='node and pass' status='pass'><b>And</b>
						<span class="bdd-step-name">And I click on product "Printed Summer Dress with Price $28.98"</span>
							<div class='pre'>passed</div>
					</li>
					<li test-id='113' class='node and fail' status='fail'><b>And</b>
						<span class="bdd-step-name">And I change quantity "2"</span>
							<div class='pre'><pre>org.openqa.selenium.NoSuchElementException: no such element: Unable to locate element: {"method":"xpath","selector":"//input[@id='quantity_wanted']"}
  (Session info: chrome=101.0.4951.54)
For documentation on this error, please visit: https://selenium.dev/exceptions/#no_such_element
Build info: version: '4.0.0', revision: '3a21814679'
System info: host: 'DESKTOP-19PL7GD', ip: '192.168.0.102', os.name: 'Windows 10', os.arch: 'amd64', os.version: '10.0', java.version: '1.8.0_121'
Driver info: org.openqa.selenium.chrome.ChromeDriver
Command: [89cf81f4cf41ea092f9cb5d644883b93, findElement {using=xpath, value=//input[@id='quantity_wanted']}]
Capabilities {acceptInsecureCerts: false, browserName: chrome, browserVersion: 101.0.4951.54, chrome: {chromedriverVersion: 101.0.4951.41 (93c720db8323..., userDataDir: C:\Users\iamcp\AppData\Loca...}, goog:chromeOptions: {debuggerAddress: localhost:58929}, javascriptEnabled: true, networkConnectionEnabled: false, pageLoadStrategy: normal, platform: WINDOWS, platformName: WINDOWS, proxy: Proxy(), se:cdp: ws://localhost:58929/devtoo..., se:cdpVersion: 101.0.4951.54, setWindowRect: true, strictFileInteractability: false, timeouts: {implicit: 0, pageLoad: 300000, script: 30000}, unhandledPromptBehavior: dismiss and notify, webauthn:extension:credBlob: true, webauthn:extension:largeBlob: true, webauthn:virtualAuthenticators: true}
Session ID: 89cf81f4cf41ea092f9cb5d644883b93
	at sun.reflect.NativeConstructorAccessorImpl.newInstance0(Native Method)
	at sun.reflect.NativeConstructorAccessorImpl.newInstance(NativeConstructorAccessorImpl.java:62)
	at sun.reflect.DelegatingConstructorAccessorImpl.newInstance(DelegatingConstructorAccessorImpl.java:45)
	at java.lang.reflect.Constructor.newInstance(Constructor.java:423)
	at org.openqa.selenium.remote.codec.w3c.W3CHttpResponseCodec.createException(W3CHttpResponseCodec.java:200)
	at org.openqa.selenium.remote.codec.w3c.W3CHttpResponseCodec.decode(W3CHttpResponseCodec.java:133)
	at org.openqa.selenium.remote.codec.w3c.W3CHttpResponseCodec.decode(W3CHttpResponseCodec.java:53)
	at org.openqa.selenium.remote.HttpCommandExecutor.execute(HttpCommandExecutor.java:184)
	at org.openqa.selenium.remote.service.DriverCommandExecutor.invokeExecute(DriverCommandExecutor.java:164)
	at org.openqa.selenium.remote.service.DriverCommandExecutor.execute(DriverCommandExecutor.java:139)
	at org.openqa.selenium.remote.RemoteWebDriver.execute(RemoteWebDriver.java:559)
	at org.openqa.selenium.remote.ElementLocation$ElementFinder$2.findElement(ElementLocation.java:162)
	at org.openqa.selenium.remote.ElementLocation.findElement(ElementLocation.java:60)
	at org.openqa.selenium.remote.RemoteWebDriver.findElement(RemoteWebDriver.java:383)
	at org.openqa.selenium.remote.RemoteWebDriver.findElement(RemoteWebDriver.java:375)
	at org.openqa.selenium.support.pagefactory.DefaultElementLocator.findElement(DefaultElementLocator.java:70)
	at org.openqa.selenium.support.pagefactory.internal.LocatingElementHandler.invoke(LocatingElementHandler.java:39)
	at com.sun.proxy.$Proxy22.click(Unknown Source)
	at com.automation.utility.Utility.clickOnElement(Utility.java:60)
	at com.automation.pages.ProductPage.clkOnQnt(ProductPage.java:44)
	at com.automation.steps.WomenCategoryPageTest.iChangeQuantity(WomenCategoryPageTest.java:31)
	at ✽.And I change quantity "2"(womencategory.feature:15)
</pre></div>
					</li>
					<li test-id='114' class='node and skip' status='skip'><b>And</b>
						<span class="bdd-step-name">And I select size "M"</span>
							<div class='pre'>skipped</div>
					</li>
					<li test-id='115' class='node and skip' status='skip'><b>And</b>
						<span class="bdd-step-name">And I select colour "Blue"</span>
							<div class='pre'>skipped</div>
					</li>
					<li test-id='116' class='node and skip' status='skip'><b>And</b>
						<span class="bdd-step-name">And I click on add to cart Button</span>
							<div class='pre'>skipped</div>
					</li>
					<li test-id='117' class='node and skip' status='skip'><b>And</b>
						<span class="bdd-step-name">And I see the message Product successfully added to your shopping cart</span>
							<div class='pre'>skipped</div>
					</li>
					<li test-id='118' class='node then skip' status='skip'><b>Then</b>
						<span class="bdd-step-name">Then I click on X button and close the popup</span>
						<ul class='screenshots right'>
							<li><a data-featherlight="image" href="C:\Users\iamcp\IdeaProjects\automation-practice-cucumber/src/main/java/com/automation/screenshots/User_should_able_to_add_product_to_cart_successfully.20220516045126.png"><i class='material-icons'>panorama</i></a></li>
						</ul>
							<div class='pre'>skipped</div>
					</li>
				</ul>
		</li>
	</ul>
</div>
					</div>
				</li>
			</ul>
		</div>
	</div>
	<!-- subview left -->

	<div class='subview-right left'>
		<div class='view-summary'>
			<h5 class='test-name'></h5>

			<div id='step-filters' class="right">
				<span class="blue-text" status="info" alt="info" title="info"><i class="material-icons">info_outline</i></span>
				<span class="green-text" status="pass" alt="pass" title="pass"><i class="material-icons">check_circle</i></span>
				<span class="red-text" status="fail" alt="fail" title="fail"><i class="material-icons">cancel</i></span>
				<span class="red-text text-darken-4" status="fatal" alt="fatal" title="fatal"><i class="material-icons">cancel</i></span>
				<span class="pink-text text-lighten-1" status="error" alt="error" title="error"><i class="material-icons">error</i></span>
				<span class="orange-text" alt="warning" status="warning" title="warning"><i class="material-icons">warning</i></span>
				<span class="teal-text" status="skip" alt="skip" title="skip"><i class="material-icons">redo</i></span>
				<span status="clear" alt="Clear filters" title="Clear filters"><i class="material-icons">clear</i></span>
			</div>
		</div>
	</div>
	<!-- subview right -->

</div>
<!-- test view -->
<div id='category-view' class='view hide'>

	<section id='controls'>
		<div class='controls grey lighten-4'>
			<!-- search -->
			<div class='chip transparent' alt='Search Tests' title='Search Tests'>
				<a href="#" class='search-div'>
					<i class='material-icons'>search</i> Search
				</a>
				
				<div class='input-field left hide'>
					<input id='search-tests' type='text' class='validate browser-default' placeholder='Search Tests...'>
				</div>
				
			</div>
			<!-- search -->
		</div>
	</section>

	<div class='subview-left left'>
		
		<div class='view-summary'>
			<h5>Categories</h3>
			<ul id='category-collection' class='category-collection'>
				
				<li class='category displayed active'>
					<div class='category-heading'>
						<span class='category-name'>@smoke</span>
						<span class='category-status right'>
							<span class='label pass'>2</span>
							<span class='label fail'>1</span>
						</span>
					</div>
					<div class='category-content hide'>
						<div class='category-status-counts'>
							<span class='label green accent-4 white-text'>Passed: 2</span>
							<span class='label red lighten-1 white-text'>Failed: 1</span>
							
						</div>
					
						<div class='category-tests'>
							<table class='bordered table-results'>
								<thead>
									<tr>
										<th>Timestamp</th>
										<th>TestName</th>
										<th>Status</th>
									</tr>
								</thead>
								<tbody>
									<tr>
										<td>May 16, 2022 04:47:18 PM</td>
										<td class='linked' test-id='2'>Create Account Test.User can create account successfully.</td>
										<td><span class='test-status fail'>fail</span></td>
									</tr>
									<tr>
										<td>May 16, 2022 04:48:00 PM</td>
										<td class='linked' test-id='24'>Log In Test.User should navigate to sign in page successfully</td>
										<td><span class='test-status pass'>pass</span></td>
									</tr>
									<tr>
										<td>May 16, 2022 04:49:31 PM</td>
										<td class='linked' test-id='74'>Women Category Page Test.User should navigate to women category successfully.</td>
										<td><span class='test-status pass'>pass</span></td>
									</tr>
								</tbody>
							</table>
						</div>
					</div>
				</li>
				<li class='category displayed active'>
					<div class='category-heading'>
						<span class='category-name'>@regression</span>
						<span class='category-status right'>
							<span class='label pass'>10</span>
							<span class='label fail'>3</span>
						</span>
					</div>
					<div class='category-content hide'>
						<div class='category-status-counts'>
							<span class='label green accent-4 white-text'>Passed: 10</span>
							<span class='label red lighten-1 white-text'>Failed: 3</span>
							
						</div>
					
						<div class='category-tests'>
							<table class='bordered table-results'>
								<thead>
									<tr>
										<th>Timestamp</th>
										<th>TestName</th>
										<th>Status</th>
									</tr>
								</thead>
								<tbody>
									<tr>
										<td>May 16, 2022 04:47:18 PM</td>
										<td class='linked' test-id='2'>Create Account Test.User can create account successfully.</td>
										<td><span class='test-status fail'>fail</span></td>
									</tr>
									<tr>
										<td>May 16, 2022 04:48:00 PM</td>
										<td class='linked' test-id='24'>Log In Test.User should navigate to sign in page successfully</td>
										<td><span class='test-status pass'>pass</span></td>
									</tr>
									<tr>
										<td>May 16, 2022 04:48:10 PM</td>
										<td class='linked' test-id='29'>Log In Test.Verify error messages with invalid credentials.Verify error messages with invalid credentials</td>
										<td><span class='test-status pass'>pass</span></td>
									</tr>
									<tr>
										<td>May 16, 2022 04:48:24 PM</td>
										<td class='linked' test-id='36'>Log In Test.Verify error messages with invalid credentials.Verify error messages with invalid credentials</td>
										<td><span class='test-status pass'>pass</span></td>
									</tr>
									<tr>
										<td>May 16, 2022 04:48:38 PM</td>
										<td class='linked' test-id='43'>Log In Test.Verify error messages with invalid credentials.Verify error messages with invalid credentials</td>
										<td><span class='test-status pass'>pass</span></td>
									</tr>
									<tr>
										<td>May 16, 2022 04:48:48 PM</td>
										<td class='linked' test-id='50'>Log In Test.Verify error messages with invalid credentials.Verify error messages with invalid credentials</td>
										<td><span class='test-status pass'>pass</span></td>
									</tr>
									<tr>
										<td>May 16, 2022 04:49:04 PM</td>
										<td class='linked' test-id='58'>Log In Test.User should log in successfully with valid credentials.User should log in successfully with valid credentials</td>
										<td><span class='test-status pass'>pass</span></td>
									</tr>
									<tr>
										<td>May 16, 2022 04:49:17 PM</td>
										<td class='linked' test-id='65'>Log In Test.User should log out successfully</td>
										<td><span class='test-status pass'>pass</span></td>
									</tr>
									<tr>
										<td>May 16, 2022 04:49:31 PM</td>
										<td class='linked' test-id='74'>Women Category Page Test.User should navigate to women category successfully.</td>
										<td><span class='test-status pass'>pass</span></td>
									</tr>
									<tr>
										<td>May 16, 2022 04:49:39 PM</td>
										<td class='linked' test-id='79'>Women Category Page Test.User should able to add product to cart successfully..User should able to add product to cart successfully.</td>
										<td><span class='test-status pass'>pass</span></td>
									</tr>
									<tr>
										<td>May 16, 2022 04:50:00 PM</td>
										<td class='linked' test-id='89'>Women Category Page Test.User should able to add product to cart successfully..User should able to add product to cart successfully.</td>
										<td><span class='test-status pass'>pass</span></td>
									</tr>
									<tr>
										<td>May 16, 2022 04:50:22 PM</td>
										<td class='linked' test-id='99'>Women Category Page Test.User should able to add product to cart successfully..User should able to add product to cart successfully.</td>
										<td><span class='test-status fail'>fail</span></td>
									</tr>
									<tr>
										<td>May 16, 2022 04:50:47 PM</td>
										<td class='linked' test-id='109'>Women Category Page Test.User should able to add product to cart successfully..User should able to add product to cart successfully.</td>
										<td><span class='test-status fail'>fail</span></td>
									</tr>
								</tbody>
							</table>
						</div>
					</div>
				</li>
				<li class='category displayed active'>
					<div class='category-heading'>
						<span class='category-name'>@sanity</span>
						<span class='category-status right'>
							<span class='label pass'>6</span>
							<span class='label fail'>2</span>
						</span>
					</div>
					<div class='category-content hide'>
						<div class='category-status-counts'>
							<span class='label green accent-4 white-text'>Passed: 6</span>
							<span class='label red lighten-1 white-text'>Failed: 2</span>
							
						</div>
					
						<div class='category-tests'>
							<table class='bordered table-results'>
								<thead>
									<tr>
										<th>Timestamp</th>
										<th>TestName</th>
										<th>Status</th>
									</tr>
								</thead>
								<tbody>
									<tr>
										<td>May 16, 2022 04:48:10 PM</td>
										<td class='linked' test-id='29'>Log In Test.Verify error messages with invalid credentials.Verify error messages with invalid credentials</td>
										<td><span class='test-status pass'>pass</span></td>
									</tr>
									<tr>
										<td>May 16, 2022 04:48:24 PM</td>
										<td class='linked' test-id='36'>Log In Test.Verify error messages with invalid credentials.Verify error messages with invalid credentials</td>
										<td><span class='test-status pass'>pass</span></td>
									</tr>
									<tr>
										<td>May 16, 2022 04:48:38 PM</td>
										<td class='linked' test-id='43'>Log In Test.Verify error messages with invalid credentials.Verify error messages with invalid credentials</td>
										<td><span class='test-status pass'>pass</span></td>
									</tr>
									<tr>
										<td>May 16, 2022 04:48:48 PM</td>
										<td class='linked' test-id='50'>Log In Test.Verify error messages with invalid credentials.Verify error messages with invalid credentials</td>
										<td><span class='test-status pass'>pass</span></td>
									</tr>
									<tr>
										<td>May 16, 2022 04:49:39 PM</td>
										<td class='linked' test-id='79'>Women Category Page Test.User should able to add product to cart successfully..User should able to add product to cart successfully.</td>
										<td><span class='test-status pass'>pass</span></td>
									</tr>
									<tr>
										<td>May 16, 2022 04:50:00 PM</td>
										<td class='linked' test-id='89'>Women Category Page Test.User should able to add product to cart successfully..User should able to add product to cart successfully.</td>
										<td><span class='test-status pass'>pass</span></td>
									</tr>
									<tr>
										<td>May 16, 2022 04:50:22 PM</td>
										<td class='linked' test-id='99'>Women Category Page Test.User should able to add product to cart successfully..User should able to add product to cart successfully.</td>
										<td><span class='test-status fail'>fail</span></td>
									</tr>
									<tr>
										<td>May 16, 2022 04:50:47 PM</td>
										<td class='linked' test-id='109'>Women Category Page Test.User should able to add product to cart successfully..User should able to add product to cart successfully.</td>
										<td><span class='test-status fail'>fail</span></td>
									</tr>
								</tbody>
							</table>
						</div>
					</div>
				</li>

			</ul>
		</div>
	</div>

	<div class='subview-right left'>
		<div class='view-summary'>
			<h5 class='category-name'></h5>
		</div>
	</div>
</div>
<!-- category view -->
<div id='exception-view' class='view hide'>

    <section id='controls'>
        <div class='controls grey lighten-4'>
            <!-- search -->
            <div class='chip transparent' alt='Search Tests' title='Search Tests'>
                <a href="#" class='search-div'>
                    <i class='material-icons'>search</i> Search
                </a>

                <div class='input-field left hide'>
                    <input id='search-tests' type='text' class='validate browser-default' placeholder='Search Tests...'>
                </div>

            </div>
            <!-- search -->
        </div>
    </section>

    <div class='subview-left left'>

        <div class='view-summary'>
            <h5>Exceptions</h3>
                <ul id='exception-collection' class='exception-collection'>

                        <li class='exception displayed active'>
                            <div class='exception-heading'>
                                <span class='exception-name'>org.junit.ComparisonFailure</span>
                                <span class='exception-count right'><span class='label red lighten-1 white-text'>2</span></span>
                            </div>
                            <div class='exception-content hide'>
                                <div class='exception-tests'>
                                    <table class='bordered table-results'>
                                        <thead>
                                        <tr>
                                            <th>Timestamp</th>
                                            <th>TestName</th>
                                            <th>Status</th>
                                        </tr>
                                        </thead>
                                        <tbody>
                                                    <tr>
                                                        <td>May 16, 2022 04:47:59 PM</td>
                                                        <td class='linked' test-id='22'>Create Account Test.User can create account successfully..Then I see My account text</td>
                                                        <td><pre><textarea>org.junit.ComparisonFailure: error expected:<M[y account]> but was:<M[Y ACCOUNT]>
	at org.junit.Assert.assertEquals(Assert.java:115)
	at com.automation.steps.CreateAccountTest.iSeeMyAccountText(CreateAccountTest.java:98)
	at ✽.Then I see My account text(createaccount.feature:25)
</textarea></pre></td>
                                                    </tr>
                                                    <tr>
                                                        <td>May 16, 2022 04:50:46 PM</td>
                                                        <td class='linked' test-id='107'>Women Category Page Test.User should able to add product to cart successfully..User should able to add product to cart successfully..And I see the message Product successfully added to your shopping cart</td>
                                                        <td><pre><textarea>org.junit.ComparisonFailure: error expected:<[Product successfully added to your shopping cart]> but was:<[]>
	at org.junit.Assert.assertEquals(Assert.java:115)
	at com.automation.steps.WomenCategoryPageTest.iSeeTheMessageProductSuccessfullyAddedToYourShoppingCart(WomenCategoryPageTest.java:53)
	at ✽.And I see the message Product successfully added to your shopping cart(womencategory.feature:19)
</textarea></pre></td>
                                                    </tr>
                                        </tbody>
                                    </table>
                                </div>
                            </div>
                        </li>
                        <li class='exception displayed active'>
                            <div class='exception-heading'>
                                <span class='exception-name'>org.openqa.selenium.NoSuchElementException</span>
                                <span class='exception-count right'><span class='label red lighten-1 white-text'>1</span></span>
                            </div>
                            <div class='exception-content hide'>
                                <div class='exception-tests'>
                                    <table class='bordered table-results'>
                                        <thead>
                                        <tr>
                                            <th>Timestamp</th>
                                            <th>TestName</th>
                                            <th>Status</th>
                                        </tr>
                                        </thead>
                                        <tbody>
                                                    <tr>
                                                        <td>May 16, 2022 04:51:06 PM</td>
                                                        <td class='linked' test-id='113'>Women Category Page Test.User should able to add product to cart successfully..User should able to add product to cart successfully..And I change quantity "2"</td>
                                                        <td><pre><pre>org.openqa.selenium.NoSuchElementException: no such element: Unable to locate element: {"method":"xpath","selector":"//input[@id='quantity_wanted']"}
  (Session info: chrome=101.0.4951.54)
For documentation on this error, please visit: https://selenium.dev/exceptions/#no_such_element
Build info: version: '4.0.0', revision: '3a21814679'
System info: host: 'DESKTOP-19PL7GD', ip: '192.168.0.102', os.name: 'Windows 10', os.arch: 'amd64', os.version: '10.0', java.version: '1.8.0_121'
Driver info: org.openqa.selenium.chrome.ChromeDriver
Command: [89cf81f4cf41ea092f9cb5d644883b93, findElement {using=xpath, value=//input[@id='quantity_wanted']}]
Capabilities {acceptInsecureCerts: false, browserName: chrome, browserVersion: 101.0.4951.54, chrome: {chromedriverVersion: 101.0.4951.41 (93c720db8323..., userDataDir: C:\Users\iamcp\AppData\Loca...}, goog:chromeOptions: {debuggerAddress: localhost:58929}, javascriptEnabled: true, networkConnectionEnabled: false, pageLoadStrategy: normal, platform: WINDOWS, platformName: WINDOWS, proxy: Proxy(), se:cdp: ws://localhost:58929/devtoo..., se:cdpVersion: 101.0.4951.54, setWindowRect: true, strictFileInteractability: false, timeouts: {implicit: 0, pageLoad: 300000, script: 30000}, unhandledPromptBehavior: dismiss and notify, webauthn:extension:credBlob: true, webauthn:extension:largeBlob: true, webauthn:virtualAuthenticators: true}
Session ID: 89cf81f4cf41ea092f9cb5d644883b93
	at sun.reflect.NativeConstructorAccessorImpl.newInstance0(Native Method)
	at sun.reflect.NativeConstructorAccessorImpl.newInstance(NativeConstructorAccessorImpl.java:62)
	at sun.reflect.DelegatingConstructorAccessorImpl.newInstance(DelegatingConstructorAccessorImpl.java:45)
	at java.lang.reflect.Constructor.newInstance(Constructor.java:423)
	at org.openqa.selenium.remote.codec.w3c.W3CHttpResponseCodec.createException(W3CHttpResponseCodec.java:200)
	at org.openqa.selenium.remote.codec.w3c.W3CHttpResponseCodec.decode(W3CHttpResponseCodec.java:133)
	at org.openqa.selenium.remote.codec.w3c.W3CHttpResponseCodec.decode(W3CHttpResponseCodec.java:53)
	at org.openqa.selenium.remote.HttpCommandExecutor.execute(HttpCommandExecutor.java:184)
	at org.openqa.selenium.remote.service.DriverCommandExecutor.invokeExecute(DriverCommandExecutor.java:164)
	at org.openqa.selenium.remote.service.DriverCommandExecutor.execute(DriverCommandExecutor.java:139)
	at org.openqa.selenium.remote.RemoteWebDriver.execute(RemoteWebDriver.java:559)
	at org.openqa.selenium.remote.ElementLocation$ElementFinder$2.findElement(ElementLocation.java:162)
	at org.openqa.selenium.remote.ElementLocation.findElement(ElementLocation.java:60)
	at org.openqa.selenium.remote.RemoteWebDriver.findElement(RemoteWebDriver.java:383)
	at org.openqa.selenium.remote.RemoteWebDriver.findElement(RemoteWebDriver.java:375)
	at org.openqa.selenium.support.pagefactory.DefaultElementLocator.findElement(DefaultElementLocator.java:70)
	at org.openqa.selenium.support.pagefactory.internal.LocatingElementHandler.invoke(LocatingElementHandler.java:39)
	at com.sun.proxy.$Proxy22.click(Unknown Source)
	at com.automation.utility.Utility.clickOnElement(Utility.java:60)
	at com.automation.pages.ProductPage.clkOnQnt(ProductPage.java:44)
	at com.automation.steps.WomenCategoryPageTest.iChangeQuantity(WomenCategoryPageTest.java:31)
	at ✽.And I change quantity "2"(womencategory.feature:15)
</pre></pre></td>
                                                    </tr>
                                        </tbody>
                                    </table>
                                </div>
                            </div>
                        </li>
                </ul>
        </div>
    </div>

    <div class='subview-right left'>
        <div class='view-summary'>
            <h5 class='exception-name'></h5>
        </div>
    </div>
</div>
<!-- exception view -->
<div id='dashboard-view' class='view hide'>
	<div class='card-panel transparent np-v'>
		<h5>Dashboard</h5>

		<div class='row'>
			<div class='col s2'>
				<div class='card-panel r'>
					Features
					<div class='panel-lead'>3</div>
				</div>
			</div>
			<div class='col s2'>
				<div class='card-panel r'>
					Scenarios
					<div class='panel-lead'>13</div>
				</div>
			</div>
			<div class='col s2'>
				<div class='card-panel r'>
					Steps
					<div class='panel-lead'>99</div>
				</div>
			</div>
			<div class='col s2'>
				<div class='card-panel r'>
					Start
					<div class='panel-lead'>May 16, 2022 04:47:18 PM</div>
				</div>
			</div>
			<div class='col s2'>
				<div class='card-panel r'>
			 		End
			 		<div class='panel-lead'>May 16, 2022 04:51:28 PM</div>
				</div>
			</div>
			<div class='col s2'>
				<div class='card-panel r'>
					Time Taken
					<div class='panel-lead'>249,991ms</div>
				</div>
			</div>
			<div class='col s4'>
				<div class='card-panel dashboard-environment'>
					<span class='right label cyan white-text'>Environment</span><p>&nbsp;</p>
					
					<table>
						<tr>
							<th>Name</th>
							<th>Value</th>
						</tr>
							<tr>
								<td>User Name</td>
								<td>iamcp</td>
							</tr>
							<tr>
								<td>Time Zone</td>
								<td>Europe/London</td>
							</tr>
							<tr>
								<td>Machine</td>
								<td>Windows 1064 Bit</td>
							</tr>
							<tr>
								<td>Selenium</td>
								<td>3.141.59</td>
							</tr>
							<tr>
								<td>Maven</td>
								<td>3.5.9</td>
							</tr>
							<tr>
								<td>Java Version</td>
								<td>1.8.0_151</td>
							</tr>
					</table>
				</div>
			</div>
			<div class='col s6'>
				<div class='card-panel dashboard-categories'>
					<span class='right label cyan white-text'>Categories</span><p>&nbsp;</p>
					
					<table>
						<tr>
							<th>Name</th>
							<th>Passed</th>
							<th>Failed</th>
							<th>Others</th>
							<th>Passed %</th>
						</tr>
						<tr>
							<td>@smoke</td>
							<td>2</td>
							<td>1</td>
							<td>0</td>
							<td>
									66.667%
							</td>
						</tr>
						<tr>
							<td>@regression</td>
							<td>10</td>
							<td>3</td>
							<td>0</td>
							<td>
									76.923%
							</td>
						</tr>
						<tr>
							<td>@sanity</td>
							<td>6</td>
							<td>2</td>
							<td>0</td>
							<td>
									75%
							</td>
						</tr>
					</table>
				</div>
			</div>
		</div>
	</div>
</div>
<!-- dashboard view -->
<!-- testrunner-logs view -->
		</div>
		<!-- container -->

		<script>
			var statusGroup = {
				passParent: 1,
				failParent: 2,
				fatalParent: 0,
				errorParent: 0,
				warningParent: 0,
				skipParent: 0,
				exceptionsParent: 2,
				
				passChild: 10,
				failChild: 3,
				fatalChild: 0,
				errorChild: 0,
				warningChild: 0,
				skipChild: 0,
				infoChild: 0,
				exceptionsChild: 3,
				
				passGrandChild: 90,
				failGrandChild: 3,
				fatalGrandChild: 0,
				errorGrandChild: 0,
				warningGrandChild: 0,
				skipGrandChild: 6,
				infoGrandChild: 0,
				exceptionsGrandChild: 9,
			};
		</script>
		
			<script src='https://cdn.rawgit.com/anshooarora/extentreports-java/fca20fb7653aade98810546ab96a2a4360e3e712/dist/js/extent.js' type='text/javascript'></script>
		
		
 		<script type='text/javascript'>
 			
            
        $(document).ready(function() {

        });
      
        
 		</script>
	</body>
	
</html>
